
Data Base Characteristics
=========================

Data Base Summary
-----------------
File is organized as a set of isolated points
Space dimension              = 2
Number of Columns            = 3
Total number of samples      = 5

Data Base Extension
-------------------
Coor #1 - Min =     10.000 - Max =     50.000 - Ext = 40
Coor #2 - Min =     20.000 - Max =     50.000 - Ext = 30

Data Base Statistics
--------------------
1 - Name x1 - Locator x1
 Nb of data          =          5
 Nb of active values =          5
 Minimum value       =     10.000
 Maximum value       =     50.000
 Mean value          =     34.200
 Standard Deviation  =     16.080
 Variance            =    258.560
2 - Name x2 - Locator x2
 Nb of data          =          5
 Nb of active values =          5
 Minimum value       =     20.000
 Maximum value       =     50.000
 Mean value          =     30.000
 Standard Deviation  =     10.954
 Variance            =    120.000
3 - Name z1 - Locator z1
 Nb of data          =          5
 Nb of active values =          5
 Minimum value       =      0.000
 Maximum value       =      2.000
 Mean value          =      0.800
 Standard Deviation  =      0.748
 Variance            =      0.560

Data Base Contents
------------------
                   x1        x2        z1
     [  0,]    10.000    20.000     0.000
     [  1,]    21.000    30.000     0.000
     [  2,]    40.000    20.000     1.000
     [  3,]    50.000    30.000     2.000
     [  4,]    50.000    50.000     1.000
